<?xml version="1.0" encoding="UTF-8"?>
<testsuite xmlns:xsi="http://www.w3.org/2001/XMLSchema-instance" xsi:noNamespaceSchemaLocation="https://maven.apache.org/surefire/maven-surefire-plugin/xsd/surefire-test-report-3.0.xsd" version="3.0" name="BudgetViewTest" time="2.064" tests="5" errors="0" skipped="0" failures="0">
  <properties>
[...]
</properties>
  <testcase name="testDisplayEntries" classname="BudgetViewTest" time="1.102">
    <system-out><![CDATA[ Connected successfully to university DB!

=== Financial Entries ===
ID: 0 | [income] salary: 3000.00
ID: 0 | [expense] rent: 1000.00
]]></system-out>
  </testcase>
  <testcase name="testDisplayBalance" classname="BudgetViewTest" time="0.953">
    <system-out><![CDATA[ Connected successfully to university DB!
Total Balance: 200.00
]]></system-out>
  </testcase>
  <testcase name="testDisplayBalanceOutput" classname="BudgetViewTest" time="0.002"/>
  <testcase name="testDisplay" classname="BudgetViewTest" time="0.004"/>
  <testcase name="testDisplayMessage" classname="BudgetViewTest" time="0.001"/>
</testsuite>