<?xml version="1.0" encoding="UTF-8"?>
<testsuite xmlns:xsi="http://www.w3.org/2001/XMLSchema-instance" xsi:noNamespaceSchemaLocation="https://maven.apache.org/surefire/maven-surefire-plugin/xsd/surefire-test-report-3.0.xsd" version="3.0" name="BudgetModelBoundaryTest" time="17.874" tests="19" errors="0" skipped="0" failures="0">
  <properties>
[...]
</properties>
  <testcase name="testCase1" classname="BudgetModelBoundaryTest" time="1.222">
    <system-out><![CDATA[ Connected successfully to university DB!
Running test case 1: Amount = -1.0 (min - 1)
]]></system-out>
  </testcase>
  <testcase name="testCase2" classname="BudgetModelBoundaryTest" time="0.907">
    <system-out><![CDATA[ Connected successfully to university DB!
Running test case 2: Amount = 0.0 (min)
]]></system-out>
  </testcase>
  <testcase name="testCase3" classname="BudgetModelBoundaryTest" time="0.926">
    <system-out><![CDATA[ Connected successfully to university DB!
Running test case 3: Amount = 1.0 (min + 1)
]]></system-out>
  </testcase>
  <testcase name="testCase4" classname="BudgetModelBoundaryTest" time="0.94">
    <system-out><![CDATA[ Connected successfully to university DB!
Running test case 4: Amount = 5000.0 (nominal)
]]></system-out>
  </testcase>
  <testcase name="testCase5" classname="BudgetModelBoundaryTest" time="0.985">
    <system-out><![CDATA[ Connected successfully to university DB!
Running test case 5: Amount = 9998.0 (max - 1)
]]></system-out>
  </testcase>
  <testcase name="testCase6" classname="BudgetModelBoundaryTest" time="0.976">
    <system-out><![CDATA[ Connected successfully to university DB!
Running test case 6: Amount = 9999.0 (max)
]]></system-out>
  </testcase>
  <testcase name="testCase7" classname="BudgetModelBoundaryTest" time="0.924">
    <system-out><![CDATA[ Connected successfully to university DB!
Running test case 7: Amount = 10000.0 (max + 1)
]]></system-out>
  </testcase>
  <testcase name="testCase8" classname="BudgetModelBoundaryTest" time="0.832">
    <system-out><![CDATA[ Connected successfully to university DB!
Running test case 8: Invalid type = 'salary'
]]></system-out>
  </testcase>
  <testcase name="testCase9" classname="BudgetModelBoundaryTest" time="1.01">
    <system-out><![CDATA[ Connected successfully to university DB!
Running test case 9: Valid expense 'food'
]]></system-out>
  </testcase>
  <testcase name="testCase10" classname="BudgetModelBoundaryTest" time="0.861">
    <system-out><![CDATA[ Connected successfully to university DB!
Running test case 10: Invalid category 'luxury'
Invalid category: luxury
]]></system-out>
  </testcase>
  <testcase name="testCase11" classname="BudgetModelBoundaryTest" time="0.952">
    <system-out><![CDATA[ Connected successfully to university DB!
Running test case 11: Valid income with 'rent' as source
]]></system-out>
  </testcase>
  <testcase name="testCase12" classname="BudgetModelBoundaryTest" time="0.936">
    <system-out><![CDATA[ Connected successfully to university DB!
Running test case 12: Valid income with 'other' as source
]]></system-out>
  </testcase>
  <testcase name="testCase13" classname="BudgetModelBoundaryTest" time="0.96">
    <system-out><![CDATA[ Connected successfully to university DB!
Running test case 13: Valid expense 'transport'
]]></system-out>
  </testcase>
  <testcase name="testCase14" classname="BudgetModelBoundaryTest" time="0.868">
    <system-out><![CDATA[ Connected successfully to university DB!
Running test case 14: Invalid type job
]]></system-out>
  </testcase>
  <testcase name="testCase15" classname="BudgetModelBoundaryTest" time="0.82">
    <system-out><![CDATA[ Connected successfully to university DB!
Running test case 15: Invalid type 'EXPENSE'
]]></system-out>
  </testcase>
  <testcase name="testCase16" classname="BudgetModelBoundaryTest" time="0.969">
    <system-out><![CDATA[ Connected successfully to university DB!
Running test case 16: Valid category 'healthcare'
]]></system-out>
  </testcase>
  <testcase name="testCase17" classname="BudgetModelBoundaryTest" time="0.888">
    <system-out><![CDATA[ Connected successfully to university DB!
Running test case 17: Valid expense 'entertainment'
]]></system-out>
  </testcase>
  <testcase name="testCase18" classname="BudgetModelBoundaryTest" time="0.916">
    <system-out><![CDATA[ Connected successfully to university DB!
Running test case 18: Valid income with 'utilities' as source
]]></system-out>
  </testcase>
  <testcase name="testCase19" classname="BudgetModelBoundaryTest" time="0.937">
    <system-out><![CDATA[ Connected successfully to university DB!
Running test case 19: Valid income with 'income' as source
]]></system-out>
  </testcase>
</testsuite>